2023-05-06 16:12:18,284 Namespace(cfg='configs/cityscapes/fastsegformer_city.yaml', opts=[], seed=300)
2023-05-06 16:12:18,285 AUTO_RESUME: False
CUDNN:
  BENCHMARK: True
  DETERMINISTIC: False
  ENABLED: True
DATASET:
  DATASET: cityscapes
  NUM_CLASSES: 19
  ROOT: data/
  TRAIN_SET: list/cityscapes/train.lst
  VAL_SET: list/cityscapes/val.lst
GPUS: (0,)
LOG_DIR: logs
LOG_WEIGHT_DIR: logs/log_weights
LOSS:
  BALANCE_WEIGHTS: [0.5, 0.5]
  CLASS_BALANCE: False
  LOSS_NAME: CE
  SB_WEIGHTS: 1.0
MODE: normal
MODEL:
  NAME: fastsegformer
  NUM_OUTPUTS: 1
  PRETRAINED: True
PIN_MEMORY: True
SAVE_PERIOD: 5
TEST:
  BASE_SIZE: 2048
  BATCH_SIZE_PER_GPU: 32
  FLIP_TEST: False
  IMAGE_SIZE: [2048, 1024]
  MODEL_WEIGHT: 
  MULTI_SCALE: False
  OUTPUT_INDEX: -1
TRAIN:
  BASE_SIZE: 2048
  BATCH_SIZE_PER_GPU: 32
  BEGIN_EPOCH: 0
  END_EPOCH: 1000
  EXTRA_LR: 0.001
  FLIP: True
  IGNORE_LABEL: -1
  IMAGE_SIZE: [1024, 1024]
  LR: 0.01
  MOMENTUM: 0.9
  MULTI_SCALE: True
  NESTEROV: False
  OPTIMIZER: sgd
  RESUME: False
  SCALE_FACTOR: 16
  SHUFFLE: True
  WD: 0.0001
WORKERS: 2
